<?xml version="1.0" encoding="UTF-8"?>
<testsuite xmlns:xsi="http://www.w3.org/2001/XMLSchema-instance" xsi:noNamespaceSchemaLocation="https://maven.apache.org/surefire/maven-surefire-plugin/xsd/surefire-test-report.xsd" name="webtesting.WebLayerTest" time="1.143" tests="1" errors="0" skipped="0" failures="1">
  <properties>
[...]
</properties>
  <testcase name="shouldReturnDefaultMessage" classname="webtesting.WebLayerTest" time="0.066">
    <failure message="Status expected:&lt;200&gt; but was:&lt;404&gt;" type="java.lang.AssertionError"><![CDATA[java.lang.AssertionError: Status expected:<200> but was:<404>
	at webtesting.WebLayerTest.shouldReturnDefaultMessage(WebLayerTest.java:27)
]]></failure>
    <system-out><![CDATA[2022-03-02 15:21:57.447  INFO 8396 --- [           main] .b.t.a.w.s.WebMvcTestContextBootstrapper : Neither @ContextConfiguration nor @ContextHierarchy found for test class [webtesting.WebLayerTest], using SpringBootContextLoader
2022-03-02 15:21:57.449  INFO 8396 --- [           main] o.s.t.c.support.AbstractContextLoader    : Could not detect default resource locations for test class [webtesting.WebLayerTest]: no resource found for suffixes {-context.xml, Context.groovy}.
2022-03-02 15:21:57.449  INFO 8396 --- [           main] t.c.s.AnnotationConfigContextLoaderUtils : Could not detect default configuration classes for test class [webtesting.WebLayerTest]: WebLayerTest does not declare any static, non-private, non-final, nested classes annotated with @Configuration.
2022-03-02 15:21:57.455  INFO 8396 --- [           main] .b.t.c.SpringBootTestContextBootstrapper : Found @SpringBootConfiguration webtesting.TestingWebApplication for test class webtesting.WebLayerTest
2022-03-02 15:21:57.456  INFO 8396 --- [           main] .b.t.a.w.s.WebMvcTestContextBootstrapper : Loaded default TestExecutionListener class names from location [META-INF/spring.factories]: [org.springframework.boot.test.mock.mockito.MockitoTestExecutionListener, org.springframework.boot.test.mock.mockito.ResetMocksTestExecutionListener, org.springframework.boot.test.autoconfigure.restdocs.RestDocsTestExecutionListener, org.springframework.boot.test.autoconfigure.web.client.MockRestServiceServerResetTestExecutionListener, org.springframework.boot.test.autoconfigure.web.servlet.MockMvcPrintOnlyOnFailureTestExecutionListener, org.springframework.boot.test.autoconfigure.web.servlet.WebDriverTestExecutionListener, org.springframework.boot.test.autoconfigure.webservices.client.MockWebServiceServerTestExecutionListener, org.springframework.test.context.web.ServletTestExecutionListener, org.springframework.test.context.support.DirtiesContextBeforeModesTestExecutionListener, org.springframework.test.context.event.ApplicationEventsTestExecutionListener, org.springframework.test.context.support.DependencyInjectionTestExecutionListener, org.springframework.test.context.support.DirtiesContextTestExecutionListener, org.springframework.test.context.transaction.TransactionalTestExecutionListener, org.springframework.test.context.jdbc.SqlScriptsTestExecutionListener, org.springframework.test.context.event.EventPublishingTestExecutionListener]
2022-03-02 15:21:57.457  INFO 8396 --- [           main] .b.t.a.w.s.WebMvcTestContextBootstrapper : Using TestExecutionListeners: [org.springframework.test.context.web.ServletTestExecutionListener@58701e8c, org.springframework.test.context.support.DirtiesContextBeforeModesTestExecutionListener@951461a, org.springframework.test.context.event.ApplicationEventsTestExecutionListener@2f0e7008, org.springframework.boot.test.mock.mockito.MockitoTestExecutionListener@307e9c02, org.springframework.boot.test.autoconfigure.SpringBootDependencyInjectionTestExecutionListener@682270ff, org.springframework.test.context.support.DirtiesContextTestExecutionListener@6bc08a77, org.springframework.test.context.transaction.TransactionalTestExecutionListener@37922937, org.springframework.test.context.jdbc.SqlScriptsTestExecutionListener@73483d4b, org.springframework.test.context.event.EventPublishingTestExecutionListener@8961e55, org.springframework.boot.test.mock.mockito.ResetMocksTestExecutionListener@67eabe02, org.springframework.boot.test.autoconfigure.restdocs.RestDocsTestExecutionListener@4197e859, org.springframework.boot.test.autoconfigure.web.client.MockRestServiceServerResetTestExecutionListener@73072745, org.springframework.boot.test.autoconfigure.web.servlet.MockMvcPrintOnlyOnFailureTestExecutionListener@4bdbfbc6, org.springframework.boot.test.autoconfigure.web.servlet.WebDriverTestExecutionListener@79735611, org.springframework.boot.test.autoconfigure.webservices.client.MockWebServiceServerTestExecutionListener@758ac46]

  .   ____          _            __ _ _
 /\\ / ___'_ __ _ _(_)_ __  __ _ \ \ \ \
( ( )\___ | '_ | '_| | '_ \/ _` | \ \ \ \
 \\/  ___)| |_)| | | | | || (_| |  ) ) ) )
  '  |____| .__|_| |_|_| |_\__, | / / / /
 =========|_|==============|___/=/_/_/_/
 :: Spring Boot ::                (v2.5.9)

2022-03-02 15:21:57.520  INFO 8396 --- [           main] webtesting.WebLayerTest                  : Starting WebLayerTest using Java 17.0.1 on LAPTOP-6L9I635T with PID 8396 (started by matth in C:\Users\matth\OneDrive - Carleton University\Year 3\SYSC 4806\Labs\Lab 6)
2022-03-02 15:21:57.520  INFO 8396 --- [           main] webtesting.WebLayerTest                  : No active profile set, falling back to default profiles: default
2022-03-02 15:21:58.252  INFO 8396 --- [           main] o.s.b.a.w.s.WelcomePageHandlerMapping    : Adding welcome page: class path resource [static/index.html]
2022-03-02 15:21:58.573  INFO 8396 --- [           main] o.s.b.t.m.w.SpringBootMockServletContext : Initializing Spring TestDispatcherServlet ''
2022-03-02 15:21:58.573  INFO 8396 --- [           main] o.s.t.web.servlet.TestDispatcherServlet  : Initializing Servlet ''
2022-03-02 15:21:58.574  INFO 8396 --- [           main] o.s.t.web.servlet.TestDispatcherServlet  : Completed initialization in 1 ms
2022-03-02 15:21:58.606  INFO 8396 --- [           main] webtesting.WebLayerTest                  : Started WebLayerTest in 1.144 seconds (JVM running for 17.925)

MockHttpServletRequest:
      HTTP Method = GET
      Request URI = /createaddressbook
       Parameters = {}
          Headers = []
             Body = null
    Session Attrs = {}

Handler:
             Type = org.springframework.web.servlet.resource.ResourceHttpRequestHandler

Async:
    Async started = false
     Async result = null

Resolved Exception:
             Type = null

ModelAndView:
        View name = null
             View = null
            Model = null

FlashMap:
       Attributes = null

MockHttpServletResponse:
           Status = 404
    Error message = null
          Headers = [Vary:"Origin", "Access-Control-Request-Method", "Access-Control-Request-Headers"]
     Content type = null
             Body = 
    Forwarded URL = null
   Redirected URL = null
          Cookies = []

MockHttpServletRequest:
      HTTP Method = GET
      Request URI = /createaddressbook
       Parameters = {}
          Headers = []
             Body = null
    Session Attrs = {}

Handler:
             Type = org.springframework.web.servlet.resource.ResourceHttpRequestHandler

Async:
    Async started = false
     Async result = null

Resolved Exception:
             Type = null

ModelAndView:
        View name = null
             View = null
            Model = null

FlashMap:
       Attributes = null

MockHttpServletResponse:
           Status = 404
    Error message = null
          Headers = [Vary:"Origin", "Access-Control-Request-Method", "Access-Control-Request-Headers"]
     Content type = null
             Body = 
    Forwarded URL = null
   Redirected URL = null
          Cookies = []
]]></system-out>
  </testcase>
</testsuite>